# JRE version: OpenJDK Runtime Environment (23.0.2+7) (build 23.0.2+7-58)
# Java VM: OpenJDK 64-Bit Server VM (23.0.2+7-58, mixed mode, emulated-client, sharing, tiered, compressed oops, compressed class ptrs, g1 gc, windows-amd64)
GC Precious Log:
 CardTable entry size: 512
 Card Set container configuration: InlinePtr #cards 4 size 8 Array Of Cards #cards 16 size 48 Howl #buckets 8 coarsen threshold 3686 Howl Bitmap #cards 512 size 80 coarsen threshold 460 Card regions per heap region 1 cards per card region 4096
 CPUs: 16 total, 16 available
 Memory: 16226M
 Large Page Support: Disabled
 NUMA Support: Disabled
 Compressed Oops: Enabled (Zero based)
 Heap Region Size: 2M
 Heap Min Capacity: 8M
 Heap Initial Capacity: 254M
 Heap Max Capacity: 4058M
 Pre-touch: Disabled
 Parallel Workers: 13
 Concurrent Workers: 3
 Concurrent Refinement Workers: 13
 Periodic GC: Disabled
Heap:
 garbage-first heap   total reserved 4155392K, committed 65536K, used 36346K [0x0000000702600000, 0x0000000800000000)
  region size 2048K, 9 young (18432K), 2 survivors (4096K)
 Metaspace       used 44573K, committed 45184K, reserved 1114112K
  class space    used 6401K, committed 6656K, reserved 1048576K
GC Heap History (16 events):
Event: 0.314 GC heap before
{Heap before GC invocations=0 (full 0):
 garbage-first heap   total reserved 4155392K, committed 260096K, used 22528K [0x0000000702600000, 0x0000000800000000)
  region size 2048K, 12 young (24576K), 0 survivors (0K)
 Metaspace       used 4901K, committed 5120K, reserved 1114112K
  class space    used 662K, committed 768K, reserved 1048576K
}
Event: 0.317 GC heap after
{Heap after GC invocations=1 (full 0):
 garbage-first heap   total reserved 4155392K, committed 260096K, used 8365K [0x0000000702600000, 0x0000000800000000)
  region size 2048K, 2 young (4096K), 2 survivors (4096K)
 Metaspace       used 4901K, committed 5120K, reserved 1114112K
  class space    used 662K, committed 768K, reserved 1048576K
}
Event: 0.539 GC heap before
{Heap before GC invocations=1 (full 0):
 garbage-first heap   total reserved 4155392K, committed 260096K, used 26797K [0x0000000702600000, 0x0000000800000000)
  region size 2048K, 11 young (22528K), 2 survivors (4096K)
 Metaspace       used 8652K, committed 8896K, reserved 1114112K
  class space    used 1274K, committed 1408K, reserved 1048576K
}
Event: 0.541 GC heap after
{Heap after GC invocations=2 (full 0):
 garbage-first heap   total reserved 4155392K, committed 260096K, used 9955K [0x0000000702600000, 0x0000000800000000)
  region size 2048K, 1 young (2048K), 1 survivors (2048K)
 Metaspace       used 8652K, committed 8896K, reserved 1114112K
  class space    used 1274K, committed 1408K, reserved 1048576K
}
Event: 0.871 GC heap before
{Heap before GC invocations=2 (full 0):
 garbage-first heap   total reserved 4155392K, committed 260096K, used 65251K [0x0000000702600000, 0x0000000800000000)
  region size 2048K, 29 young (59392K), 1 survivors (2048K)
 Metaspace       used 21065K, committed 21376K, reserved 1114112K
  class space    used 2918K, committed 3072K, reserved 1048576K
}
Event: 0.874 GC heap after
{Heap after GC invocations=3 (full 0):
 garbage-first heap   total reserved 4155392K, committed 260096K, used 15426K [0x0000000702600000, 0x0000000800000000)
  region size 2048K, 4 young (8192K), 4 survivors (8192K)
 Metaspace       used 21065K, committed 21376K, reserved 1114112K
  class space    used 2918K, committed 3072K, reserved 1048576K
}
Event: 0.888 GC heap before
{Heap before GC invocations=3 (full 0):
 garbage-first heap   total reserved 4155392K, committed 260096K, used 17474K [0x0000000702600000, 0x0000000800000000)
  region size 2048K, 6 young (12288K), 4 survivors (8192K)
 Metaspace       used 21189K, committed 21504K, reserved 1114112K
  class space    used 2942K, committed 3072K, reserved 1048576K
}
Event: 0.891 GC heap after
{Heap after GC invocations=4 (full 0):
 garbage-first heap   total reserved 4155392K, committed 260096K, used 16179K [0x0000000702600000, 0x0000000800000000)
  region size 2048K, 1 young (2048K), 1 survivors (2048K)
 Metaspace       used 21189K, committed 21504K, reserved 1114112K
  class space    used 2942K, committed 3072K, reserved 1048576K
}
Event: 1.337 GC heap before
{Heap before GC invocations=5 (full 0):
 garbage-first heap   total reserved 4155392K, committed 61440K, used 57139K [0x0000000702600000, 0x0000000800000000)
  region size 2048K, 22 young (45056K), 1 survivors (2048K)
 Metaspace       used 27011K, committed 27328K, reserved 1114112K
  class space    used 3886K, committed 4032K, reserved 1048576K
}
Event: 1.339 GC heap after
{Heap after GC invocations=6 (full 0):
 garbage-first heap   total reserved 4155392K, committed 65536K, used 18441K [0x0000000702600000, 0x0000000800000000)
  region size 2048K, 2 young (4096K), 2 survivors (4096K)
 Metaspace       used 27011K, committed 27328K, reserved 1114112K
  class space    used 3886K, committed 4032K, reserved 1048576K
}
Event: 1.707 GC heap before
{Heap before GC invocations=6 (full 0):
 garbage-first heap   total reserved 4155392K, committed 65536K, used 47113K [0x0000000702600000, 0x0000000800000000)
  region size 2048K, 16 young (32768K), 2 survivors (4096K)
 Metaspace       used 30774K, committed 31232K, reserved 1114112K
  class space    used 4509K, committed 4672K, reserved 1048576K
}
Event: 1.711 GC heap after
{Heap after GC invocations=7 (full 0):
 garbage-first heap   total reserved 4155392K, committed 65536K, used 20811K [0x0000000702600000, 0x0000000800000000)
  region size 2048K, 2 young (4096K), 2 survivors (4096K)
 Metaspace       used 30774K, committed 31232K, reserved 1114112K
  class space    used 4509K, committed 4672K, reserved 1048576K
}
Event: 2.021 GC heap before
{Heap before GC invocations=7 (full 0):
 garbage-first heap   total reserved 4155392K, committed 65536K, used 43339K [0x0000000702600000, 0x0000000800000000)
  region size 2048K, 14 young (28672K), 2 survivors (4096K)
 Metaspace       used 35588K, committed 36096K, reserved 1114112K
  class space    used 5167K, committed 5376K, reserved 1048576K
}
Event: 2.023 GC heap after
{Heap after GC invocations=8 (full 0):
 garbage-first heap   total reserved 4155392K, committed 65536K, used 22258K [0x0000000702600000, 0x0000000800000000)
  region size 2048K, 1 young (2048K), 1 survivors (2048K)
 Metaspace       used 35588K, committed 36096K, reserved 1114112K
  class space    used 5167K, committed 5376K, reserved 1048576K
}
Event: 2.368 GC heap before
{Heap before GC invocations=9 (full 0):
 garbage-first heap   total reserved 4155392K, committed 65536K, used 50930K [0x0000000702600000, 0x0000000800000000)
  region size 2048K, 15 young (30720K), 1 survivors (2048K)
 Metaspace       used 41764K, committed 42368K, reserved 1114112K
  class space    used 6003K, committed 6272K, reserved 1048576K
}
Event: 2.369 GC heap after
{Heap after GC invocations=10 (full 0):
 garbage-first heap   total reserved 4155392K, committed 65536K, used 24058K [0x0000000702600000, 0x0000000800000000)
  region size 2048K, 2 young (4096K), 2 survivors (4096K)
 Metaspace       used 41764K, committed 42368K, reserved 1114112K
  class space    used 6003K, committed 6272K, reserved 1048576K
}

